c:\users\kim\documents\github\ssp\sspsolution\sspsolution\debug\vc140.pdb
c:\users\kim\documents\github\ssp\sspsolution\sspsolution\debug\vc140.idb
c:\users\kim\documents\github\ssp\sspsolution\sspsolution\debug\entity.obj
c:\users\kim\documents\github\ssp\sspsolution\sspsolution\debug\gamestate.obj
c:\users\kim\documents\github\ssp\sspsolution\sspsolution\debug\gamestatehandler.obj
c:\users\kim\documents\github\ssp\sspsolution\sspsolution\debug\levelselectstate.obj
c:\users\kim\documents\github\ssp\sspsolution\sspsolution\debug\levelstate.obj
c:\users\kim\documents\github\ssp\sspsolution\sspsolution\debug\main.obj
c:\users\kim\documents\github\ssp\sspsolution\sspsolution\debug\menustate.obj
c:\users\kim\documents\github\ssp\sspsolution\sspsolution\debug\observer.obj
c:\users\kim\documents\github\ssp\sspsolution\sspsolution\debug\startstate.obj
c:\users\kim\documents\github\ssp\sspsolution\sspsolution\debug\subject.obj
c:\users\kim\documents\github\ssp\sspsolution\sspsolution\debug\system.obj
c:\users\kim\documents\github\ssp\sspsolution\sspsolution\debug\inputhandler.obj
c:\users\kim\documents\github\ssp\sspsolution\debug\sspapplication.ilk
c:\users\kim\documents\github\ssp\sspsolution\debug\sspapplication.exe
c:\users\kim\documents\github\ssp\sspsolution\debug\sspapplication.pdb
c:\users\kim\documents\github\ssp\sspsolution\sspsolution\debug\sspapplication.tlog\cl.command.1.tlog
c:\users\kim\documents\github\ssp\sspsolution\sspsolution\debug\sspapplication.tlog\cl.read.1.tlog
c:\users\kim\documents\github\ssp\sspsolution\sspsolution\debug\sspapplication.tlog\cl.write.1.tlog
c:\users\kim\documents\github\ssp\sspsolution\sspsolution\debug\sspapplication.tlog\link.command.1.tlog
c:\users\kim\documents\github\ssp\sspsolution\sspsolution\debug\sspapplication.tlog\link.read.1.tlog
c:\users\kim\documents\github\ssp\sspsolution\sspsolution\debug\sspapplication.tlog\link.write.1.tlog
